SonicArchitect/Library/Bee/Android/Prj/IL2CPP/Gradle/launcher/build/intermediates/manifest_merge_blame_file/release/manifest-merger-blame-release-report.txt
1<?xml version="1.0" encoding="utf-8"?>
2<manifest xmlns:android="http://schemas.android.com/apk/res/android"
3    package="com.CsoundUnityBerklee.SonicArchitect"
4    android:installLocation="preferExternal"
5    android:versionCode="1"
6    android:versionName="0.1.0" >
7
8    <uses-sdk
9        android:minSdkVersion="23"
9-->src/main/AndroidManifest.xml
10        android:targetSdkVersion="30" />
10-->src/main/AndroidManifest.xml
11
12    <supports-screens
12-->src/main/AndroidManifest.xml:3:3-163
13        android:anyDensity="true"
13-->src/main/AndroidManifest.xml:3:135-160
14        android:largeScreens="true"
14-->src/main/AndroidManifest.xml:3:78-105
15        android:normalScreens="true"
15-->src/main/AndroidManifest.xml:3:49-77
16        android:smallScreens="true"
16-->src/main/AndroidManifest.xml:3:21-48
17        android:xlargeScreens="true" />
17-->src/main/AndroidManifest.xml:3:106-134
18
19    <uses-feature android:glEsVersion="0x00030000" />
19-->[:unityLibrary] AndroidManifest.xml:13:5-54
19-->[:unityLibrary] AndroidManifest.xml:13:19-51
20
21    <uses-permission android:name="android.permission.INTERNET" />
21-->[:unityLibrary] AndroidManifest.xml:15:5-67
21-->[:unityLibrary] AndroidManifest.xml:15:22-64
22
23    <uses-feature
23-->[:unityLibrary] AndroidManifest.xml:17:5-19:36
24        android:name="android.hardware.touchscreen"
24-->[:unityLibrary] AndroidManifest.xml:18:9-52
25        android:required="false" />
25-->[:unityLibrary] AndroidManifest.xml:19:9-33
26    <uses-feature
26-->[:unityLibrary] AndroidManifest.xml:20:5-22:36
27        android:name="android.hardware.touchscreen.multitouch"
27-->[:unityLibrary] AndroidManifest.xml:21:9-63
28        android:required="false" />
28-->[:unityLibrary] AndroidManifest.xml:22:9-33
29    <uses-feature
29-->[:unityLibrary] AndroidManifest.xml:23:5-25:36
30        android:name="android.hardware.touchscreen.multitouch.distinct"
30-->[:unityLibrary] AndroidManifest.xml:24:9-72
31        android:required="false" />
31-->[:unityLibrary] AndroidManifest.xml:25:9-33
32    <uses-feature
32-->[:unityLibrary] AndroidManifest.xml:26:5-29:31
33        android:name="android.hardware.vr.headtracking"
33-->[:unityLibrary] AndroidManifest.xml:27:9-56
34        android:required="true"
34-->[:unityLibrary] AndroidManifest.xml:28:9-32
35        android:version="1" />
35-->[:unityLibrary] AndroidManifest.xml:29:9-28
36
37    <application
37-->src/main/AndroidManifest.xml:4:3-83
38        android:extractNativeLibs="true"
38-->[:unityLibrary] AndroidManifest.xml:31:18-50
39        android:icon="@mipmap/app_icon"
39-->src/main/AndroidManifest.xml:4:49-80
40        android:label="@string/app_name" >
40-->src/main/AndroidManifest.xml:4:16-48
41        <activity
41-->[:unityLibrary] AndroidManifest.xml:32:9-56:20
42            android:name="com.unity3d.player.UnityPlayerActivity"
42-->[:unityLibrary] AndroidManifest.xml:33:13-66
43            android:configChanges="keyboard|keyboardHidden|navigation|orientation|screenLayout|screenSize|uiMode"
43-->[:unityLibrary] AndroidManifest.xml:34:13-114
44            android:hardwareAccelerated="false"
44-->[:unityLibrary] AndroidManifest.xml:35:13-48
45            android:launchMode="singleTask"
45-->[:unityLibrary] AndroidManifest.xml:36:13-44
46            android:resizeableActivity="false"
46-->[:unityLibrary] AndroidManifest.xml:37:13-47
47            android:screenOrientation="landscape"
47-->[:unityLibrary] AndroidManifest.xml:38:13-50
48            android:theme="@android:style/Theme.Black.NoTitleBar.Fullscreen" >
48-->[:unityLibrary] AndroidManifest.xml:39:13-77
49            <intent-filter>
49-->[:unityLibrary] AndroidManifest.xml:40:13-45:29
50                <action android:name="android.intent.action.MAIN" />
50-->[:unityLibrary] AndroidManifest.xml:41:17-69
50-->[:unityLibrary] AndroidManifest.xml:41:25-66
51
52                <category android:name="android.intent.category.LAUNCHER" />
52-->[:unityLibrary] AndroidManifest.xml:43:17-77
52-->[:unityLibrary] AndroidManifest.xml:43:27-74
53                <category android:name="com.oculus.intent.category.VR" />
53-->[:unityLibrary] AndroidManifest.xml:44:17-74
53-->[:unityLibrary] AndroidManifest.xml:44:27-71
54            </intent-filter>
55
56            <meta-data
56-->[:unityLibrary] AndroidManifest.xml:47:13-49:40
57                android:name="unityplayer.UnityActivity"
57-->[:unityLibrary] AndroidManifest.xml:48:17-57
58                android:value="true" />
58-->[:unityLibrary] AndroidManifest.xml:49:17-37
59            <meta-data
59-->[:unityLibrary] AndroidManifest.xml:50:13-52:40
60                android:name="android.notch_support"
60-->[:unityLibrary] AndroidManifest.xml:51:17-53
61                android:value="true" />
61-->[:unityLibrary] AndroidManifest.xml:52:17-37
62            <meta-data
62-->[:unityLibrary] AndroidManifest.xml:53:13-55:40
63                android:name="com.oculus.vr.focusaware"
63-->[:unityLibrary] AndroidManifest.xml:54:17-56
64                android:value="true" />
64-->[:unityLibrary] AndroidManifest.xml:55:17-37
65        </activity>
66
67        <meta-data
67-->[:unityLibrary] AndroidManifest.xml:58:9-60:33
68            android:name="unity.splash-mode"
68-->[:unityLibrary] AndroidManifest.xml:59:13-45
69            android:value="0" />
69-->[:unityLibrary] AndroidManifest.xml:60:13-30
70        <meta-data
70-->[:unityLibrary] AndroidManifest.xml:61:9-63:36
71            android:name="unity.splash-enable"
71-->[:unityLibrary] AndroidManifest.xml:62:13-47
72            android:value="True" />
72-->[:unityLibrary] AndroidManifest.xml:63:13-33
73        <meta-data
73-->[:unityLibrary] AndroidManifest.xml:64:9-66:36
74            android:name="unity.launch-fullscreen"
74-->[:unityLibrary] AndroidManifest.xml:65:13-51
75            android:value="True" />
75-->[:unityLibrary] AndroidManifest.xml:66:13-33
76        <meta-data
76-->[:unityLibrary] AndroidManifest.xml:67:9-69:37
77            android:name="unity.allow-resizable-window"
77-->[:unityLibrary] AndroidManifest.xml:68:13-56
78            android:value="False" />
78-->[:unityLibrary] AndroidManifest.xml:69:13-34
79        <meta-data
79-->[:unityLibrary] AndroidManifest.xml:70:9-72:50
80            android:name="notch.config"
80-->[:unityLibrary] AndroidManifest.xml:71:13-40
81            android:value="portrait|landscape" />
81-->[:unityLibrary] AndroidManifest.xml:72:13-47
82        <meta-data
82-->[:unityLibrary] AndroidManifest.xml:73:9-75:39
83            android:name="com.samsung.android.vr.application.mode"
83-->[:unityLibrary] AndroidManifest.xml:74:13-67
84            android:value="vr_only" />
84-->[:unityLibrary] AndroidManifest.xml:75:13-36
85        <meta-data
85-->[:unityLibrary] AndroidManifest.xml:76:9-78:37
86            android:name="com.unity.xr.oculus.LowOverheadMode"
86-->[:unityLibrary] AndroidManifest.xml:77:13-63
87            android:value="false" />
87-->[:unityLibrary] AndroidManifest.xml:78:13-34
88        <meta-data
88-->[:unityLibrary] AndroidManifest.xml:79:9-81:37
89            android:name="com.unity.xr.oculus.LateLatching"
89-->[:unityLibrary] AndroidManifest.xml:80:13-60
90            android:value="false" />
90-->[:unityLibrary] AndroidManifest.xml:81:13-34
91        <meta-data
91-->[:unityLibrary] AndroidManifest.xml:82:9-84:37
92            android:name="com.unity.xr.oculus.LateLatchingDebug"
92-->[:unityLibrary] AndroidManifest.xml:83:13-65
93            android:value="false" />
93-->[:unityLibrary] AndroidManifest.xml:84:13-34
94        <meta-data
94-->[:unityLibrary] AndroidManifest.xml:85:9-87:44
95            android:name="com.oculus.supportedDevices"
95-->[:unityLibrary] AndroidManifest.xml:86:13-55
96            android:value="quest|quest2" />
96-->[:unityLibrary] AndroidManifest.xml:87:13-41
97    </application>
98
99</manifest>